\BOOKMARK [0][-]{label:frontpage.0}{Front page}{}% 1
\BOOKMARK [0][-]{chapter*.2}{Abstract}{}% 2
\BOOKMARK [0][-]{chapter*.3}{Resum\351}{}% 3
\BOOKMARK [0][-]{chapter*.4}{Preface}{}% 4
\BOOKMARK [0][-]{chapter*.6}{List of Publications}{}% 5
\BOOKMARK [0][-]{label:contents.0}{Contents}{}% 6
\BOOKMARK [0][-]{chapter*.9}{Contents}{}% 7
\BOOKMARK [-1][-]{part.1}{I Introduction}{}% 8
\BOOKMARK [0][-]{chapter.1}{1 Physical Modelling of Musical Instruments}{part.1}% 9
\BOOKMARK [1][-]{section.1.1}{1.1 A Brief History}{chapter.1}% 10
\BOOKMARK [1][-]{section.1.2}{1.2 Exciter-Resonator Approach}{chapter.1}% 11
\BOOKMARK [1][-]{section.1.3}{1.3 Physical Modelling Techniques}{chapter.1}% 12
\BOOKMARK [1][-]{section.1.4}{1.4 Applications of Physical Modelling}{chapter.1}% 13
\BOOKMARK [2][-]{subsection.1.4.1}{1.4.1 Samples vs. Physical Modelling}{section.1.4}% 14
\BOOKMARK [2][-]{subsection.1.4.2}{1.4.2 Resurrect Old or Rare Instruments}{section.1.4}% 15
\BOOKMARK [2][-]{subsection.1.4.3}{1.4.3 Go beyond what is physically possible}{section.1.4}% 16
\BOOKMARK [1][-]{section.1.5}{1.5 Project Objectives and Main Contributions}{chapter.1}% 17
\BOOKMARK [1][-]{section.1.6}{1.6 Thesis Outline}{chapter.1}% 18
\BOOKMARK [0][-]{chapter.2}{2 Introduction to Finite-Difference Time-Domain Methods}{part.1}% 19
\BOOKMARK [1][-]{section.2.1}{2.1 Differential Equations}{chapter.2}% 20
\BOOKMARK [2][-]{subsection.2.1.1}{2.1.1 Dimensions and Degrees of Freedom}{section.2.1}% 21
\BOOKMARK [2][-]{subsection.2.1.2}{2.1.2 Ranges of Definition and Domains}{section.2.1}% 22
\BOOKMARK [1][-]{section.2.2}{2.2 Discretisation using FDTD methods}{chapter.2}% 23
\BOOKMARK [2][-]{section*.23}{2.2.1 Grid Functions FULL DOC SWEEP: check capitalisation of headings throughout document}{section.2.2}% 24
\BOOKMARK [2][-]{subsection.2.2.2}{2.2.2 Finite-Difference Operators}{section.2.2}% 25
\BOOKMARK [2][-]{subsection.2.2.3}{2.2.3 Identities}{section.2.2}% 26
\BOOKMARK [1][-]{section.2.3}{2.3 The Mass-Spring System}{chapter.2}% 27
\BOOKMARK [2][-]{subsection.2.3.1}{2.3.1 Continuous-time}{section.2.3}% 28
\BOOKMARK [2][-]{subsection.2.3.2}{2.3.2 Discrete-time}{section.2.3}% 29
\BOOKMARK [2][-]{subsection.2.3.3}{2.3.3 Implementation and Output}{section.2.3}% 30
\BOOKMARK [1][-]{section.2.4}{2.4 The 1D Wave Equation}{chapter.2}% 31
\BOOKMARK [2][-]{section*.38}{2.4.1 Continuous timeFULL DOC SWEEP: check hyphen in titles}{section.2.4}% 32
\BOOKMARK [2][-]{subsection.2.4.2}{2.4.2 Discrete time}{section.2.4}% 33
\BOOKMARK [2][-]{subsection.2.4.3}{2.4.3 Implementation: Excitation and Output}{section.2.4}% 34
\BOOKMARK [2][-]{subsection.2.4.4}{2.4.4 Stability and Simulation Quality}{section.2.4}% 35
\BOOKMARK [0][-]{chapter.3}{3 Analysis Techniques}{part.1}% 36
\BOOKMARK [1][-]{section.3.1}{3.1 Matrices in a FDTD context}{chapter.3}% 37
\BOOKMARK [1][-]{section.3.2}{3.2 Mathematical Tools and Product Identities}{chapter.3}% 38
\BOOKMARK [2][-]{subsection.3.2.1}{3.2.1 Inner product}{section.3.2}% 39
\BOOKMARK [2][-]{subsection.3.2.2}{3.2.2 Summation by Parts}{section.3.2}% 40
\BOOKMARK [2][-]{subsection.3.2.3}{3.2.3 Product identities}{section.3.2}% 41
\BOOKMARK [1][-]{section.3.3}{3.3 Frequency Domain Analysis}{chapter.3}% 42
\BOOKMARK [2][-]{subsection.3.3.1}{3.3.1 Mass-Spring System}{section.3.3}% 43
\BOOKMARK [2][-]{subsection.3.3.2}{3.3.2 1D Wave Equation}{section.3.3}% 44
\BOOKMARK [1][-]{section.3.4}{3.4 Energy Analysis}{chapter.3}% 45
\BOOKMARK [2][-]{subsection.3.4.1}{3.4.1 Energy Analysis: A 4-Step Tutorial}{section.3.4}% 46
\BOOKMARK [2][-]{subsection.3.4.2}{3.4.2 Mass-spring system}{section.3.4}% 47
\BOOKMARK [2][-]{subsection.3.4.3}{3.4.3 1D Wave Equation}{section.3.4}% 48
\BOOKMARK [2][-]{subsection.3.4.4}{3.4.4 Stability Analysis using Energy Analysis Techniques}{section.3.4}% 49
\BOOKMARK [1][-]{section.3.5}{3.5 Modal Analysis}{chapter.3}% 50
\BOOKMARK [2][-]{subsection.3.5.1}{3.5.1 One-Step Form}{section.3.5}% 51
\BOOKMARK [-1][-]{part.2}{II Resonators}{}% 52
\BOOKMARK [0][-]{chapter.4}{4 Stiff string}{part.2}% 53
\BOOKMARK [1][-]{section.4.1}{4.1 Continuous time}{chapter.4}% 54
\BOOKMARK [2][-]{subsection.4.1.1}{4.1.1 Adding Losses}{section.4.1}% 55
\BOOKMARK [1][-]{section.4.2}{4.2 Discrete Time}{chapter.4}% 56
\BOOKMARK [2][-]{subsection.4.2.1}{4.2.1 Boundary conditions}{section.4.2}% 57
\BOOKMARK [2][-]{subsection.4.2.2}{4.2.2 Implementation and Matrix Form}{section.4.2}% 58
\BOOKMARK [2][-]{subsection.4.2.3}{4.2.3 Parameters and output}{section.4.2}% 59
\BOOKMARK [1][-]{section.4.3}{4.3 von Neumann Analysis and Stability Condition}{chapter.4}% 60
\BOOKMARK [1][-]{section.4.4}{4.4 Energy Analysis}{chapter.4}% 61
\BOOKMARK [1][-]{section.4.5}{4.5 Modal Analysis}{chapter.4}% 62
\BOOKMARK [1][-]{section.4.6}{4.6 Implicit Scheme}{chapter.4}% 63
\BOOKMARK [2][-]{subsection.4.6.1}{4.6.1 von Neumann analysis}{section.4.6}% 64
\BOOKMARK [2][-]{subsection.4.6.2}{4.6.2 Modal analysis}{section.4.6}% 65
\BOOKMARK [2][-]{subsection.4.6.3}{4.6.3 Conclusion}{section.4.6}% 66
\BOOKMARK [0][-]{chapter.5}{5 Brass}{part.2}% 67
\BOOKMARK [1][-]{section.5.1}{5.1 Webster's Equation}{chapter.5}% 68
\BOOKMARK [2][-]{subsection.5.1.1}{5.1.1 Discretisation}{section.5.1}% 69
\BOOKMARK [2][-]{subsection.5.1.2}{5.1.2 Boundary Conditions}{section.5.1}% 70
\BOOKMARK [1][-]{section.5.2}{5.2 First-order system}{chapter.5}% 71
\BOOKMARK [2][-]{subsection.5.2.1}{5.2.1 Adding Radiation}{section.5.2}% 72
\BOOKMARK [2][-]{subsection.5.2.2}{5.2.2 Energy}{section.5.2}% 73
\BOOKMARK [0][-]{chapter.6}{6 2D Systems}{part.2}% 74
\BOOKMARK [1][-]{section.6.1}{6.1 PDEs and FD schemes in 2D}{chapter.6}% 75
\BOOKMARK [1][-]{section.6.2}{6.2 2D Wave Equation}{chapter.6}% 76
\BOOKMARK [2][-]{subsection.6.2.1}{6.2.1 Continuous time}{section.6.2}% 77
\BOOKMARK [2][-]{subsection.6.2.2}{6.2.2 Discrete time}{section.6.2}% 78
\BOOKMARK [2][-]{subsection.6.2.3}{6.2.3 Implementation and Matrix Form}{section.6.2}% 79
\BOOKMARK [2][-]{subsection.6.2.4}{6.2.4 Frequency Domain Analysis in 2D}{section.6.2}% 80
\BOOKMARK [2][-]{subsection.6.2.5}{6.2.5 Energy Analysis in 2D}{section.6.2}% 81
\BOOKMARK [2][-]{subsection.6.2.6}{6.2.6 Modal Analysis}{section.6.2}% 82
\BOOKMARK [1][-]{section.6.3}{6.3 Thin plate}{chapter.6}% 83
\BOOKMARK [2][-]{subsection.6.3.1}{6.3.1 Continuous time}{section.6.3}% 84
\BOOKMARK [2][-]{subsection.6.3.2}{6.3.2 Discrete time}{section.6.3}% 85
\BOOKMARK [2][-]{subsection.6.3.3}{6.3.3 Implementation and output}{section.6.3}% 86
\BOOKMARK [2][-]{subsection.6.3.4}{6.3.4 Frequency Domain Analysis}{section.6.3}% 87
\BOOKMARK [2][-]{subsection.6.3.5}{6.3.5 Energy Analysis}{section.6.3}% 88
\BOOKMARK [1][-]{section.6.4}{6.4 Stiff membrane}{chapter.6}% 89
\BOOKMARK [1][-]{section.6.5}{6.5 Radial Coordinates}{chapter.6}% 90
\BOOKMARK [-1][-]{part.3}{III Conclusions and Perspectives}{}% 91
\BOOKMARK [0][-]{chapter.7}{7 Conclusions and Perspectives}{part.3}% 92
\BOOKMARK [1][-]{section.7.1}{7.1 Applications}{chapter.7}% 93
\BOOKMARK [1][-]{section.7.2}{7.2 Realism}{chapter.7}% 94
\BOOKMARK [1][-]{section.7.3}{7.3 Dynamic grid}{chapter.7}% 95
\BOOKMARK [0][-]{chapter*.155}{References}{part.3}% 96
\BOOKMARK [-1][-]{part.4}{IV Papers}{}% 97
\BOOKMARK [0][-]{Paper.b.A}{A Real-Time Control of Large-Scale Modular Physical Models using the Sensel Morph}{part.4}% 98
\BOOKMARK [0][-]{Paper.b.B}{B Physical Models and Real-Time Control with the Sensel Morph}{part.4}% 99
\BOOKMARK [0][-]{Paper.b.C}{C Real-Time Implementation of an Elasto-Plastic Friction Model applied to Stiff Strings using Finite-Difference Schemes}{part.4}% 100
\BOOKMARK [0][-]{Paper.b.D}{D Real-time Implementation of a Physical Model of the Tromba Marina}{part.4}% 101
\BOOKMARK [0][-]{Paper.b.E}{E Resurrecting the Tromba Marina: A Bowed Virtual Reality Instrument using Haptic Feedback and Accurate Physical Modelling}{part.4}% 102
\BOOKMARK [0][-]{Paper.b.F}{F DigiDrum: A Haptic-based Virtual Reality Musical Instrument and a Case Study}{part.4}% 103
\BOOKMARK [0][-]{Paper.b.G}{G Dynamic Grids for Finite-Difference Schemes in Musical Instrument Simulations}{part.4}% 104
\BOOKMARK [0][-]{Paper.b.H}{H A Physical Model of the Trombone using Dynamic Grids for Finite-Difference Schemes}{part.4}% 105
\BOOKMARK [-1][-]{part.5}{V Appendix}{}% 106
\BOOKMARK [0][-]{Appendix.c.A}{A Paper Errata}{part.5}% 107
\BOOKMARK [0][-]{Appendix.c.B}{B Matrices}{part.5}% 108
\BOOKMARK [1][-]{section.c.A}{B.1 Operations}{Appendix.c.B}% 109
\BOOKMARK [1][-]{section.c.B}{B.2 Matrix Inverse}{Appendix.c.B}% 110
\BOOKMARK [1][-]{section.c.C}{B.3 Systems of Linear Equations}{Appendix.c.B}% 111
\BOOKMARK [1][-]{section.c.D}{B.4 Eigenvalue Problems}{Appendix.c.B}% 112
\BOOKMARK [0][-]{Appendix.c.C}{C Code Snippets}{part.5}% 113
\BOOKMARK [1][-]{section.c.A}{C.1 Mass-Spring System \(Section 2.3\)}{Appendix.c.C}% 114
\BOOKMARK [1][-]{section.c.B}{C.2 1D Wave Equation \(Section 2.4\)}{Appendix.c.C}% 115
\BOOKMARK [1][-]{section.c.C}{C.3 2D Wave Equation \(Section 6.2\)}{Appendix.c.C}% 116
\BOOKMARK [0][-]{Appendix.c.D}{D Intuition for the Damping Terms in the Stiff String PDE}{part.5}% 117
