\BOOKMARK [0][-]{label:frontpage.0}{Front page}{}% 1
\BOOKMARK [0][-]{chapter*.1}{Curriculum Vitae}{}% 2
\BOOKMARK [0][-]{chapter*.2}{Abstract}{}% 3
\BOOKMARK [0][-]{chapter*.3}{Resum\351}{}% 4
\BOOKMARK [0][-]{label:contents.0}{Contents}{}% 5
\BOOKMARK [0][-]{chapter*.6}{Preface}{}% 6
\BOOKMARK [-1][-]{part.1}{I Introduction}{}% 7
\BOOKMARK [0][-]{chapter*.7}{Introduction}{part.1}% 8
\BOOKMARK [1][-]{section.0.1}{1 History of bowed strings}{chapter*.7}% 9
\BOOKMARK [1][-]{section.0.2}{2 Section 2 name}{chapter*.7}% 10
\BOOKMARK [2][-]{subsection.0.2.1}{2.1 Examples}{section.0.2}% 11
\BOOKMARK [2][-]{subsection.0.2.2}{2.2 How does Subsections and Subsubsections Look?}{section.0.2}% 12
\BOOKMARK [1][-]{section.0.3}{3 Conclusion}{chapter*.7}% 13
\BOOKMARK [1][-]{section.0.3}{References}{chapter*.7}% 14
\BOOKMARK [-1][-]{part.2}{II Models}{}% 15
\BOOKMARK [0][-]{chapter*.14}{Models}{part.2}% 16
\BOOKMARK [1][-]{section.0.4}{4 Bow Models}{chapter*.14}% 17
\BOOKMARK [1][-]{section.0.5}{5 Section 2 name}{chapter*.14}% 18
\BOOKMARK [2][-]{subsection.0.5.1}{5.1 Examples}{section.0.5}% 19
\BOOKMARK [2][-]{subsection.0.5.2}{5.2 How does Subsections and Subsubsections Look?}{section.0.5}% 20
\BOOKMARK [1][-]{section.0.6}{6 Conclusion}{chapter*.14}% 21
\BOOKMARK [1][-]{section.0.6}{References}{chapter*.14}% 22
\BOOKMARK [-1][-]{part.3}{III Papers}{}% 23
\BOOKMARK [0][-]{appendix.A}{A Paper A title}{part.3}% 24
\BOOKMARK [1][-]{section.A.1}{1 Introduction}{appendix.A}% 25
\BOOKMARK [1][-]{section.A.2}{2 Conclusion}{appendix.A}% 26
\BOOKMARK [1][-]{section.a.A}{A An appendix}{appendix.A}% 27
\BOOKMARK [1][-]{section.a.A}{References}{appendix.A}% 28
\BOOKMARK [0][-]{appendix.B}{B Paper B title }{part.3}% 29
\BOOKMARK [1][-]{section.B.1}{1 Introduction}{appendix.B}% 30
\BOOKMARK [1][-]{section.B.2}{2 Conclusion}{appendix.B}% 31
\BOOKMARK [1][-]{section.B.2}{References}{appendix.B}% 32
