\BOOKMARK [1][-]{section.0.1}{\376\377\0001\000\040\000I\000n\000t\000r\000o\000d\000u\000c\000t\000i\000o\000n}{}% 1
\BOOKMARK [1][-]{section.0.2}{\376\377\0002\000\040\000M\000o\000d\000e\000l\000s}{}% 2
\BOOKMARK [2][-]{subsection.0.2.1}{\376\377\0002\000.\0001\000\040\000S\000t\000i\000f\000f\000\040\000s\000t\000r\000i\000n\000g}{section.0.2}% 3
\BOOKMARK [2][-]{subsection.0.2.2}{\376\377\0002\000.\0002\000\040\000P\000l\000a\000t\000e}{section.0.2}% 4
\BOOKMARK [2][-]{subsection.0.2.3}{\376\377\0002\000.\0003\000\040\000C\000o\000n\000n\000e\000c\000t\000i\000o\000n\000s}{section.0.2}% 5
\BOOKMARK [1][-]{section.0.3}{\376\377\0003\000\040\000F\000i\000n\000i\000t\000e\000-\000D\000i\000f\000f\000e\000r\000e\000n\000c\000e\000\040\000S\000c\000h\000e\000m\000e\000s}{}% 6
\BOOKMARK [2][-]{subsection.0.3.1}{\376\377\0003\000.\0001\000\040\000S\000t\000i\000f\000f\000\040\000S\000t\000r\000i\000n\000g}{section.0.3}% 7
\BOOKMARK [2][-]{subsection.0.3.2}{\376\377\0003\000.\0002\000\040\000P\000l\000a\000t\000e}{section.0.3}% 8
\BOOKMARK [2][-]{subsection.0.3.3}{\376\377\0003\000.\0003\000\040\000C\000o\000n\000n\000e\000c\000t\000i\000o\000n\000s}{section.0.3}% 9
\BOOKMARK [1][-]{section.0.4}{\376\377\0004\000\040\000I\000m\000p\000l\000e\000m\000e\000n\000t\000a\000t\000i\000o\000n}{}% 10
\BOOKMARK [2][-]{subsection.0.4.1}{\376\377\0004\000.\0001\000\040\000S\000t\000i\000f\000f\000\040\000S\000t\000r\000i\000n\000g}{section.0.4}% 11
\BOOKMARK [2][-]{subsection.0.4.2}{\376\377\0004\000.\0002\000\040\000P\000l\000a\000t\000e}{section.0.4}% 12
\BOOKMARK [2][-]{subsection.0.4.3}{\376\377\0004\000.\0003\000\040\000C\000o\000n\000n\000e\000c\000t\000i\000o\000n\000s}{section.0.4}% 13
\BOOKMARK [2][-]{subsection.0.4.4}{\376\377\0004\000.\0004\000\040\000S\000y\000s\000t\000e\000m\000\040\000A\000r\000c\000h\000i\000t\000e\000c\000t\000u\000r\000e}{section.0.4}% 14
\BOOKMARK [1][-]{section.0.5}{\376\377\0005\000\040\000I\000n\000s\000t\000r\000u\000m\000e\000n\000t\000s\000\040\000a\000n\000d\000\040\000U\000s\000e\000r\000\040\000I\000n\000t\000e\000r\000a\000c\000t\000i\000o\000n}{}% 15
\BOOKMARK [2][-]{subsection.0.5.1}{\376\377\0005\000.\0001\000\040\000S\000e\000n\000s\000e\000l\000\040\000M\000o\000r\000p\000h}{section.0.5}% 16
\BOOKMARK [2][-]{subsection.0.5.2}{\376\377\0005\000.\0002\000\040\000U\000s\000e\000r\000\040\000i\000n\000t\000e\000r\000f\000a\000c\000e}{section.0.5}% 17
\BOOKMARK [2][-]{subsection.0.5.3}{\376\377\0005\000.\0003\000\040\000I\000n\000s\000t\000r\000u\000m\000e\000n\000t\000s}{section.0.5}% 18
\BOOKMARK [1][-]{section.0.6}{\376\377\0006\000\040\000R\000e\000s\000u\000l\000t\000s\000\040\000a\000n\000d\000\040\000D\000i\000s\000c\000u\000s\000s\000i\000o\000n}{}% 19
\BOOKMARK [1][-]{section.0.7}{\376\377\0007\000\040\000C\000o\000n\000c\000l\000u\000s\000i\000o\000n}{}% 20
\BOOKMARK [1][-]{section.0.8}{\376\377\0008\000\040\000A\000c\000k\000n\000o\000w\000l\000e\000d\000g\000m\000e\000n\000t\000s}{}% 21
\BOOKMARK [1][-]{section.0.9}{\376\377\0009\000\040\000R\000e\000f\000e\000r\000e\000n\000c\000e\000s}{}% 22
