\BOOKMARK [1][-]{section.0.1}{1 Introduction}{}% 1
\BOOKMARK [1][-]{section.0.2}{2 Continuous System}{}% 2
\BOOKMARK [2][-]{subsection.0.2.1}{2.1 Coupling to a Lip Reed}{section.0.2}% 3
\BOOKMARK [1][-]{section.0.3}{3 Discretisation}{}% 4
\BOOKMARK [2][-]{subsection.0.3.1}{3.1 Numerical Methods}{section.0.3}% 5
\BOOKMARK [2][-]{subsection.0.3.2}{3.2 Discrete Tube}{section.0.3}% 6
\BOOKMARK [2][-]{subsection.0.3.3}{3.3 Lip reed}{section.0.3}% 7
\BOOKMARK [1][-]{section.0.4}{4 Dynamic grid}{}% 8
\BOOKMARK [2][-]{subsection.0.4.1}{4.1 Changing the Tube Length}{section.0.4}% 9
\BOOKMARK [2][-]{subsection.0.4.2}{4.2 Adding and removing grid points}{section.0.4}% 10
\BOOKMARK [2][-]{subsection.0.4.3}{4.3 Drift of w}{section.0.4}% 11
\BOOKMARK [2][-]{subsection.0.4.4}{4.4 State Correction}{section.0.4}% 12
\BOOKMARK [1][-]{section.0.5}{5 Implementation}{}% 13
\BOOKMARK [2][-]{subsection.0.5.1}{5.1 Parameters}{section.0.5}% 14
\BOOKMARK [2][-]{subsection.0.5.2}{5.2 Limit on speed of change}{section.0.5}% 15
\BOOKMARK [2][-]{subsection.0.5.3}{5.3 State correction}{section.0.5}% 16
\BOOKMARK [2][-]{subsection.0.5.4}{5.4 Graphical User Interface and Control Mapping}{section.0.5}% 17
\BOOKMARK [2][-]{subsection.0.5.5}{5.5 Order of Calculation}{section.0.5}% 18
\BOOKMARK [1][-]{section.0.6}{6 Results and Discussion}{}% 19
\BOOKMARK [1][-]{section.0.7}{7 Conclusion}{}% 20
\BOOKMARK [1][-]{section.0.8}{8 Acknowledgements}{}% 21
\BOOKMARK [1][-]{section.0.9}{9 References}{}% 22
