\BOOKMARK [1][-]{section.0.1}{1 Introduction}{}% 1
\BOOKMARK [1][-]{section.0.2}{2 Models}{}% 2
\BOOKMARK [2][-]{subsection.0.2.1}{2.1 Bowed Stiff String}{section.0.2}% 3
\BOOKMARK [2][-]{subsection.0.2.2}{2.2 Bridge}{section.0.2}% 4
\BOOKMARK [2][-]{subsection.0.2.3}{2.3 Body}{section.0.2}% 5
\BOOKMARK [2][-]{subsection.0.2.4}{2.4 Collisions}{section.0.2}% 6
\BOOKMARK [2][-]{subsection.0.2.5}{2.5 Complete System}{section.0.2}% 7
\BOOKMARK [1][-]{section.0.3}{3 Discretisation}{}% 8
\BOOKMARK [2][-]{subsection.0.3.1}{3.1 Operators}{section.0.3}% 9
\BOOKMARK [2][-]{subsection.0.3.2}{3.2 Discrete Models}{section.0.3}% 10
\BOOKMARK [2][-]{subsection.0.3.3}{3.3 Collisions using Non-Iterative Methods}{section.0.3}% 11
\BOOKMARK [2][-]{subsection.0.3.4}{3.4 Complete Discrete System}{section.0.3}% 12
\BOOKMARK [1][-]{section.0.4}{4 Implementation}{}% 13
\BOOKMARK [2][-]{subsection.0.4.1}{4.1 Introducing an Offset}{section.0.4}% 14
\BOOKMARK [2][-]{subsection.0.4.2}{4.2 Pitch Control}{section.0.4}% 15
\BOOKMARK [2][-]{subsection.0.4.3}{4.3 Other Considerations}{section.0.4}% 16
\BOOKMARK [2][-]{subsection.0.4.4}{4.4 Order of Calculation}{section.0.4}% 17
\BOOKMARK [2][-]{subsection.0.4.5}{4.5 Parameter Design}{section.0.4}% 18
\BOOKMARK [2][-]{subsection.0.4.6}{4.6 Graphical User Interface}{section.0.4}% 19
\BOOKMARK [2][-]{subsection.0.4.7}{4.7 Sensel Morph and Mapping}{section.0.4}% 20
\BOOKMARK [1][-]{section.0.5}{5 Results and Discussion}{}% 21
\BOOKMARK [1][-]{section.0.6}{6 Conclusion and Future Work}{}% 22
\BOOKMARK [1][-]{section.0.7}{7 References}{}% 23
