\BOOKMARK [1][-]{section.0.1}{1 Introduction}{}% 1
\BOOKMARK [1][-]{section.0.2}{2 Related Work}{}% 2
\BOOKMARK [1][-]{section.0.3}{3 Haptics}{}% 3
\BOOKMARK [2][-]{subsection.0.3.1}{3.1 Haptic Perception}{section.0.3}% 4
\BOOKMARK [2][-]{subsection.0.3.2}{3.2 Notes on Experiments Involving Haptics}{section.0.3}% 5
\BOOKMARK [2][-]{subsection.0.3.3}{3.3 Interaction between Visual Information and Tactile Feedback}{section.0.3}% 6
\BOOKMARK [1][-]{section.0.4}{4 Design Criteria for DigiDrum}{}% 7
\BOOKMARK [1][-]{section.0.5}{5 System Overview}{}% 8
\BOOKMARK [1][-]{section.0.6}{6 Unity Implementation}{}% 9
\BOOKMARK [1][-]{section.0.7}{7 Physical Model}{}% 10
\BOOKMARK [2][-]{subsection.0.7.1}{7.1 Continuous Time}{section.0.7}% 11
\BOOKMARK [2][-]{subsection.0.7.2}{7.2 Discretisation}{section.0.7}% 12
\BOOKMARK [2][-]{subsection.0.7.3}{7.3 Parameters}{section.0.7}% 13
\BOOKMARK [1][-]{section.0.8}{8 User study}{}% 14
\BOOKMARK [2][-]{subsection.0.8.1}{8.1 Process for the User Study}{section.0.8}% 15
\BOOKMARK [1][-]{section.0.9}{9 Results and Discussion}{}% 16
\BOOKMARK [2][-]{subsection.0.9.1}{9.1 Statistical Analysis}{section.0.9}% 17
\BOOKMARK [2][-]{subsection.0.9.2}{9.2 Statistical Analysis: Reliability}{section.0.9}% 18
\BOOKMARK [2][-]{subsection.0.9.3}{9.3 Questionnaire}{section.0.9}% 19
\BOOKMARK [2][-]{subsection.0.9.4}{9.4 Qualitative Observations}{section.0.9}% 20
\BOOKMARK [1][-]{section.0.10}{10 Conclusion}{}% 21
\BOOKMARK [1][-]{section.0.11}{11 References}{}% 22
